生成启动时间为 2017-10-19 2:36:42。
     1>项目“Z:\GitHub\C_AND_C_Plus_Plus\C\Disk_File\Demo\Demo.vcxproj”在节点 2 上(build 个目标)。
     1>InitializeBuildStatus:
         正在对“.\Debug\Demo.unsuccessfulbuild”执行 Touch 任务。
       ClCompile:
         D:\VS2010\VC\bin\CL.exe /c /ZI /nologo /W3 /WX- /Od /Oy- /D WIN32 /D _DEBUG /D _CONSOLE /D _VC80_UPGRADE=0x0600 /D _MBCS /Gm /EHsc /RTC1 /MTd /GS /Gy- /fp:precise /Zc:wchar_t /Zc:forScope /Fo".\Debug\\" /Fd".\Debug\vc100.pdb" /FR".\Debug\\" /Gd /TP /analyze- /errorReport:prompt Main.cpp
         Main.cpp
       ManifestResourceCompile:
         C:\Program Files\Microsoft SDKs\Windows\v7.0A\bin\rc.exe /nologo /fo".\Debug\Demo.exe.embed.manifest.res" .\Debug\Demo_manifest.rc 
       Link:
         D:\VS2010\VC\bin\link.exe /ERRORREPORT:PROMPT /OUT:".\Debug\Demo.exe" /INCREMENTAL /NOLOGO odbc32.lib odbccp32.lib kernel32.lib user32.lib gdi32.lib winspool.lib comdlg32.lib advapi32.lib shell32.lib ole32.lib oleaut32.lib uuid.lib odbc32.lib odbccp32.lib /MANIFEST /ManifestFile:".\Debug\Demo.exe.intermediate.manifest" /MANIFESTUAC:"level='asInvoker' uiAccess='false'" /DEBUG /PDB:"Z:\GitHub\C_AND_C_Plus_Plus\C\Disk_File\Demo\Debug\Demo.pdb" /SUBSYSTEM:CONSOLE /TLBID:1 /DYNAMICBASE /NXCOMPAT /IMPLIB:".\Debug\Demo.lib" /MACHINE:X86 .\Debug\Demo.exe.embed.manifest.res
         .\Debug\Main.obj
       Manifest:
         C:\Program Files\Microsoft SDKs\Windows\v7.0A\bin\mt.exe /nologo /verbose /out:".\Debug\Demo.exe.embed.manifest" /manifest .\Debug\Demo.exe.intermediate.manifest
         C:\Program Files\Microsoft SDKs\Windows\v7.0A\bin\rc.exe /nologo /fo".\Debug\Demo.exe.embed.manifest.res" .\Debug\Demo_manifest.rc 
       LinkEmbedManifest:
         所有输出均为最新。
         Demo.vcxproj -> Z:\GitHub\C_AND_C_Plus_Plus\C\Disk_File\Demo\.\Debug\Demo.exe
       BscMake:
         D:\VS2010\VC\bin\bscmake.exe /nologo /o".\Debug\Demo.bsc" .\Debug\Main.sbr
       FinalizeBuildStatus:
         正在删除文件“.\Debug\Demo.unsuccessfulbuild”。
         正在对“.\Debug\Demo.lastbuildstate”执行 Touch 任务。
     1>已完成生成项目“Z:\GitHub\C_AND_C_Plus_Plus\C\Disk_File\Demo\Demo.vcxproj”(build 个目标)的操作。

生成成功。

已用时间 00:00:02.54
